TN:
SF:/Users/fdhuang/learing/iot-coap/index.js
FNF:0
FNH:0
DA:1,1
DA:2,1
DA:3,1
DA:4,1
DA:6,1
DA:7,1
DA:8,1
DA:10,1
DA:11,1
LF:9
LH:9
BRF:0
BRH:0
end_of_record
TN:
SF:/Users/fdhuang/learing/iot-coap/lib/rest/rest_server.js
FN:5,rest
FN:10,(anonymous_2)
FN:24,(anonymous_3)
FNF:3
FNH:2
FNDA:0,rest
FNDA:1,(anonymous_2)
FNDA:1,(anonymous_3)
DA:1,1
DA:2,1
DA:3,1
DA:5,1
DA:7,0
DA:10,1
DA:12,1
DA:14,1
DA:15,1
DA:16,1
DA:18,1
DA:19,1
DA:20,1
DA:21,1
DA:22,1
DA:24,1
DA:25,1
DA:30,1
LF:18
LH:17
BRF:0
BRH:0
end_of_record
TN:
SF:/Users/fdhuang/learing/iot-coap/iot.js
FNF:0
FNH:0
DA:1,1
LF:1
LH:1
BRF:0
BRH:0
end_of_record
TN:
SF:/Users/fdhuang/learing/iot-coap/lib/coap/coap_server.js
FN:5,iotcoap
FN:10,(anonymous_2)
FN:14,(anonymous_3)
FN:37,(anonymous_4)
FN:42,(anonymous_5)
FNF:5
FNH:3
FNDA:0,iotcoap
FNDA:1,(anonymous_2)
FNDA:9,(anonymous_3)
FNDA:1,(anonymous_4)
FNDA:0,(anonymous_5)
DA:1,1
DA:2,1
DA:3,1
DA:5,1
DA:7,0
DA:10,1
DA:13,1
DA:14,1
DA:15,9
DA:16,0
DA:17,0
DA:20,9
DA:22,7
DA:23,7
DA:26,1
DA:27,1
DA:29,1
DA:30,1
DA:32,0
DA:33,0
DA:37,1
DA:38,1
DA:42,1
DA:44,0
DA:47,1
LF:25
LH:19
BRDA:15,1,0,0
BRDA:15,1,1,9
BRDA:20,2,0,7
BRDA:20,2,1,1
BRDA:20,2,2,1
BRDA:20,2,3,1
BRDA:20,2,4,0
BRF:7
BRH:5
end_of_record
TN:
SF:/Users/fdhuang/learing/iot-coap/lib/url_handler.js
FN:4,URLHandler
FN:9,(anonymous_2)
FN:14,(anonymous_3)
FN:20,(anonymous_4)
FN:28,(anonymous_5)
FNF:5
FNH:4
FNDA:0,URLHandler
FNDA:57,(anonymous_2)
FNDA:12,(anonymous_3)
FNDA:48,(anonymous_4)
FNDA:9,(anonymous_5)
DA:1,1
DA:2,1
DA:4,1
DA:6,0
DA:9,1
DA:11,57
DA:14,1
DA:16,12
DA:17,12
DA:18,1
DA:20,12
DA:21,48
DA:22,8
DA:25,12
DA:28,1
DA:30,9
DA:33,1
LF:17
LH:16
BRDA:17,1,0,1
BRDA:17,1,1,11
BRDA:21,2,0,8
BRDA:21,2,1,40
BRF:4
BRH:4
end_of_record
TN:
SF:/Users/fdhuang/learing/iot-coap/lib/database/db_factory.js
FN:5,DB_Factory
FN:12,(anonymous_2)
FNF:2
FNH:2
FNDA:3,DB_Factory
FNDA:3,(anonymous_2)
DA:1,1
DA:2,1
DA:3,1
DA:5,1
DA:7,3
DA:10,1
DA:12,1
DA:14,3
DA:15,0
DA:16,3
DA:17,3
DA:19,3
DA:22,1
LF:13
LH:12
BRDA:14,1,0,0
BRDA:14,1,1,3
BRDA:14,2,0,3
BRDA:14,2,1,3
BRDA:16,3,0,3
BRDA:16,3,1,0
BRF:6
BRH:4
end_of_record
TN:
SF:/Users/fdhuang/learing/iot-coap/lib/database/mongodb_helper.js
FN:8,MongoDBHelper
FN:13,generateQuery
FN:24,(anonymous_3)
FN:26,generateDBValue
FN:28,(anonymous_5)
FN:34,generateDBMap
FN:36,(anonymous_7)
FN:45,(anonymous_8)
FN:47,(anonymous_9)
FN:50,(anonymous_10)
FN:53,(anonymous_11)
FN:58,(anonymous_12)
FN:66,(anonymous_13)
FN:68,(anonymous_14)
FN:71,(anonymous_15)
FN:74,(anonymous_16)
FN:79,(anonymous_17)
FN:87,(anonymous_18)
FN:91,(anonymous_19)
FN:94,(anonymous_20)
FN:96,(anonymous_21)
FN:102,(anonymous_22)
FN:110,(anonymous_23)
FN:112,(anonymous_24)
FN:115,(anonymous_25)
FN:117,(anonymous_26)
FN:123,(anonymous_27)
FN:125,(anonymous_28)
FN:128,(anonymous_29)
FN:135,(anonymous_30)
FNF:30
FNH:27
FNDA:3,MongoDBHelper
FNDA:8,generateQuery
FNDA:2,(anonymous_3)
FNDA:2,generateDBValue
FNDA:8,(anonymous_5)
FNDA:2,generateDBMap
FNDA:8,(anonymous_7)
FNDA:1,(anonymous_8)
FNDA:1,(anonymous_9)
FNDA:1,(anonymous_10)
FNDA:1,(anonymous_11)
FNDA:1,(anonymous_12)
FNDA:7,(anonymous_13)
FNDA:7,(anonymous_14)
FNDA:7,(anonymous_15)
FNDA:7,(anonymous_16)
FNDA:7,(anonymous_17)
FNDA:2,(anonymous_18)
FNDA:2,(anonymous_19)
FNDA:2,(anonymous_20)
FNDA:2,(anonymous_21)
FNDA:2,(anonymous_22)
FNDA:1,(anonymous_23)
FNDA:1,(anonymous_24)
FNDA:0,(anonymous_25)
FNDA:0,(anonymous_26)
FNDA:1,(anonymous_27)
FNDA:1,(anonymous_28)
FNDA:0,(anonymous_29)
FNDA:1,(anonymous_30)
DA:1,1
DA:2,1
DA:3,1
DA:4,1
DA:5,1
DA:6,1
DA:8,1
DA:10,3
DA:13,1
DA:15,8
DA:16,8
DA:17,8
DA:18,8
DA:19,8
DA:22,1
DA:24,1
DA:26,1
DA:27,2
DA:28,2
DA:29,8
DA:31,2
DA:34,1
DA:35,2
DA:36,2
DA:37,8
DA:39,2
DA:42,2
DA:45,1
DA:47,1
DA:48,1
DA:50,1
DA:51,1
DA:52,1
DA:53,1
DA:54,1
DA:55,1
DA:58,1
DA:59,1
DA:60,1
DA:61,1
DA:66,1
DA:68,7
DA:69,7
DA:71,7
DA:72,7
DA:73,7
DA:74,7
DA:75,7
DA:76,7
DA:79,7
DA:80,7
DA:81,7
DA:82,7
DA:87,1
DA:89,2
DA:91,2
DA:92,2
DA:94,2
DA:95,2
DA:96,2
DA:97,2
DA:98,2
DA:102,2
DA:103,2
DA:104,2
DA:105,2
DA:110,1
DA:112,1
DA:113,1
DA:115,1
DA:116,0
DA:117,0
DA:118,0
DA:119,0
DA:123,1
DA:124,1
DA:125,1
DA:126,1
DA:127,1
DA:128,0
DA:129,0
DA:132,1
DA:135,1
DA:136,1
DA:141,1
LF:85
LH:79
BRDA:29,1,0,2
BRDA:29,1,1,6
BRDA:29,2,0,8
BRDA:29,2,1,8
BRDA:127,3,0,0
BRDA:127,3,1,1
BRF:6
BRH:5
end_of_record
TN:
SF:/Users/fdhuang/learing/iot-coap/lib/database/iot_db.js
FN:1,IOT_DB
FN:6,(anonymous_2)
FN:14,(anonymous_3)
FN:19,(anonymous_4)
FN:24,(anonymous_5)
FN:29,(anonymous_6)
FN:34,(anonymous_7)
FNF:7
FNH:2
FNDA:2,IOT_DB
FNDA:22,(anonymous_2)
FNDA:0,(anonymous_3)
FNDA:0,(anonymous_4)
FNDA:0,(anonymous_5)
FNDA:0,(anonymous_6)
FNDA:0,(anonymous_7)
DA:1,1
DA:3,2
DA:6,1
DA:8,22
DA:9,0
DA:10,0
DA:14,1
DA:16,0
DA:19,1
DA:21,0
DA:24,1
DA:26,0
DA:29,1
DA:31,0
DA:34,1
DA:36,0
DA:39,1
LF:17
LH:10
BRDA:8,1,0,0
BRDA:8,1,1,22
BRF:2
BRH:1
end_of_record
TN:
SF:/Users/fdhuang/learing/iot-coap/lib/database/sqlite_helper.js
FN:7,SQLiteHelper
FN:14,(anonymous_2)
FN:17,(anonymous_3)
FN:24,(anonymous_4)
FN:29,(anonymous_5)
FN:31,(anonymous_6)
FN:38,(anonymous_7)
FN:45,(anonymous_8)
FN:52,(anonymous_9)
FN:56,(anonymous_10)
FN:63,(anonymous_11)
FN:67,(anonymous_12)
FNF:12
FNH:0
FNDA:0,SQLiteHelper
FNDA:0,(anonymous_2)
FNDA:0,(anonymous_3)
FNDA:0,(anonymous_4)
FNDA:0,(anonymous_5)
FNDA:0,(anonymous_6)
FNDA:0,(anonymous_7)
FNDA:0,(anonymous_8)
FNDA:0,(anonymous_9)
FNDA:0,(anonymous_10)
FNDA:0,(anonymous_11)
FNDA:0,(anonymous_12)
DA:1,1
DA:2,1
DA:3,1
DA:4,1
DA:5,1
DA:7,1
DA:9,0
DA:12,1
DA:14,1
DA:16,0
DA:17,0
DA:18,0
DA:20,0
DA:21,0
DA:24,1
DA:26,0
DA:27,0
DA:29,0
DA:30,0
DA:31,0
DA:32,0
DA:35,0
DA:38,1
DA:40,0
DA:41,0
DA:42,0
DA:44,0
DA:45,0
DA:46,0
DA:47,0
DA:48,0
DA:52,1
DA:54,0
DA:55,0
DA:56,0
DA:57,0
DA:58,0
DA:59,0
DA:63,1
DA:65,0
DA:66,0
DA:67,0
DA:68,0
DA:69,0
DA:70,0
DA:74,1
LF:46
LH:13
BRF:0
BRH:0
end_of_record
TN:
SF:/Users/fdhuang/learing/iot-coap/lib/coap/coap_request_handler.js
FN:5,request_helper
FN:10,parse_buffer
FN:13,(anonymous_3)
FN:21,(anonymous_4)
FN:33,(anonymous_5)
FN:45,(anonymous_6)
FN:57,(anonymous_7)
FN:64,(anonymous_8)
FN:69,(anonymous_9)
FN:74,(anonymous_10)
FNF:10
FNH:6
FNDA:0,request_helper
FNDA:1,parse_buffer
FNDA:5,(anonymous_3)
FNDA:1,(anonymous_4)
FNDA:7,(anonymous_5)
FNDA:1,(anonymous_6)
FNDA:0,(anonymous_7)
FNDA:0,(anonymous_8)
FNDA:0,(anonymous_9)
FNDA:1,(anonymous_10)
DA:1,1
DA:2,1
DA:3,1
DA:5,1
DA:7,0
DA:10,1
DA:12,1
DA:13,1
DA:14,5
DA:15,4
DA:18,1
DA:21,1
DA:23,1
DA:25,1
DA:26,1
DA:28,0
DA:29,0
DA:33,1
DA:35,7
DA:37,6
DA:38,6
DA:40,1
DA:41,1
DA:45,1
DA:47,1
DA:49,1
DA:50,1
DA:52,0
DA:53,0
DA:57,1
DA:59,0
DA:64,1
DA:66,0
DA:69,1
DA:71,0
DA:74,1
DA:76,1
DA:82,1
LF:38
LH:30
BRDA:14,1,0,4
BRDA:14,1,1,1
BRDA:23,2,0,1
BRDA:23,2,1,0
BRDA:35,3,0,6
BRDA:35,3,1,1
BRDA:47,4,0,1
BRDA:47,4,1,0
BRF:8
BRH:6
end_of_record
TN:
SF:/Users/fdhuang/learing/iot-coap/lib/coap/coap_query_helper.js
FN:6,query_helper
FN:11,(anonymous_2)
FN:13,(anonymous_3)
FN:18,(anonymous_4)
FN:20,(anonymous_5)
FN:25,(anonymous_6)
FN:27,(anonymous_7)
FNF:7
FNH:6
FNDA:0,query_helper
FNDA:1,(anonymous_2)
FNDA:1,(anonymous_3)
FNDA:1,(anonymous_4)
FNDA:1,(anonymous_5)
FNDA:6,(anonymous_6)
FNDA:6,(anonymous_7)
DA:1,1
DA:2,1
DA:3,1
DA:4,1
DA:6,1
DA:8,0
DA:11,1
DA:13,1
DA:14,1
DA:18,1
DA:20,1
DA:21,1
DA:25,1
DA:27,6
DA:28,6
DA:32,1
LF:16
LH:15
BRF:0
BRH:0
end_of_record
TN:
SF:/Users/fdhuang/learing/iot-coap/lib/coap/coap_result_helper.js
FN:3,resultReturn
FN:8,(anonymous_2)
FN:16,(anonymous_3)
FN:24,(anonymous_4)
FNF:4
FNH:3
FNDA:0,resultReturn
FNDA:2,(anonymous_2)
FNDA:2,(anonymous_3)
FNDA:8,(anonymous_4)
DA:1,1
DA:3,1
DA:5,0
DA:8,1
DA:10,2
DA:11,2
DA:16,1
DA:18,2
DA:19,2
DA:24,1
DA:26,8
DA:27,8
DA:28,3
DA:29,3
DA:31,5
DA:32,5
DA:35,0
DA:36,0
DA:39,0
DA:44,1
LF:20
LH:16
BRDA:26,1,0,8
BRDA:26,1,1,0
BRDA:27,2,0,3
BRDA:27,2,1,5
BRF:4
BRH:3
end_of_record
TN:
SF:/Users/fdhuang/learing/iot-coap/lib/ErrorMessage.js
FN:1,ErrorMessage
FNF:1
FNH:0
FNDA:0,ErrorMessage
DA:1,1
DA:3,0
DA:6,1
DA:10,1
DA:14,1
DA:18,1
LF:6
LH:5
BRF:0
BRH:0
end_of_record
TN:
SF:/Users/fdhuang/learing/iot-coap/lib/rest/rest_helper.js
FN:6,rest_helper
FN:11,(anonymous_2)
FN:13,(anonymous_3)
FN:19,(anonymous_4)
FN:22,(anonymous_5)
FN:28,(anonymous_6)
FN:35,(anonymous_7)
FN:37,(anonymous_8)
FNF:8
FNH:5
FNDA:0,rest_helper
FNDA:1,(anonymous_2)
FNDA:1,(anonymous_3)
FNDA:1,(anonymous_4)
FNDA:4,(anonymous_5)
FNDA:1,(anonymous_6)
FNDA:0,(anonymous_7)
FNDA:0,(anonymous_8)
DA:1,1
DA:2,1
DA:3,1
DA:4,1
DA:6,1
DA:8,0
DA:11,1
DA:13,1
DA:14,1
DA:15,1
DA:19,1
DA:21,1
DA:22,1
DA:23,4
DA:24,1
DA:26,4
DA:28,1
DA:29,1
DA:30,1
DA:35,1
DA:37,0
DA:38,0
DA:39,0
DA:43,1
LF:24
LH:20
BRDA:23,1,0,1
BRDA:23,1,1,3
BRF:2
BRH:2
end_of_record
